
Subcircuit summary:
Circuit 1: 10T_toy_magic                   |Circuit 2: 10T_toy_xschem                  
-------------------------------------------|-------------------------------------------
sky130_fd_pr__nfet_01v8 (8)                |sky130_fd_pr__nfet_01v8 (8)                
sky130_fd_pr__pfet_01v8 (2)                |sky130_fd_pr__pfet_01v8 (2)                
Number of devices: 10                      |Number of devices: 10                      
Number of nets: 13                         |Number of nets: 13                         
---------------------------------------------------------------------------------------
Circuits match uniquely.
Netlists match uniquely.

Subcircuit pins:
Circuit 1: 10T_toy_magic                   |Circuit 2: 10T_toy_xschem                  
-------------------------------------------|-------------------------------------------
VDD                                        |VDD                                        
GND                                        |GND                                        
WBL                                        |WBL                                        
WBLb                                       |WBLb                                       
RBL0                                       |RBL0                                       
RBL1                                       |RBL1                                       
RWL0                                       |RWL0                                       
RWL1                                       |RWL1                                       
WWL                                        |WWL                                        
---------------------------------------------------------------------------------------
Cell pin lists are equivalent.
Device classes 10T_toy_magic and 10T_toy_xschem are equivalent.
Circuits match uniquely.
